<?xml version="1.0" encoding="UTF-8"?>
<!-- Generated by org.testng.reporters.JUnitXMLReporter -->
<testsuite ignored="0" hostname="DESKTOP-NK2UH9G" failures="1" tests="14" name="Command line test" time="56.359" errors="0" timestamp="2021-04-18T18:42:27 SGT">
  <testcase classname="testclasses.NewTest" name="@BeforeMethod resetCalculator" time="0.58">
    <failure type="org.openqa.selenium.WebDriverException" message="unknown error: failed to change window state to &amp;apos;normal&amp;apos;, current state is &amp;apos;maximized&amp;apos;
  (Session info: chrome=89.0.4389.128)
Build info: version: &amp;apos;3.141.59&amp;apos;, revision: &amp;apos;e82be7d358&amp;apos;, time: &amp;apos;2018-11-14T08:17:03&amp;apos;
System info: host: &amp;apos;DESKTOP-NK2UH9G&amp;apos;, ip: &amp;apos;192.168.1.208&amp;apos;, os.name: &amp;apos;Windows 10&amp;apos;, os.arch: &amp;apos;amd64&amp;apos;, os.version: &amp;apos;10.0&amp;apos;, java.version: &amp;apos;14&amp;apos;
Driver info: org.openqa.selenium.chrome.ChromeDriver
Capabilities {acceptInsecureCerts: false, browserName: chrome, browserVersion: 89.0.4389.128, chrome: {chromedriverVersion: 89.0.4389.23 (61b08ee2c5002..., userDataDir: C:\Users\DELL\AppData\Local...}, goog:chromeOptions: {debuggerAddress: localhost:62822}, javascriptEnabled: true, networkConnectionEnabled: false, pageLoadStrategy: normal, platform: WINDOWS, platformName: WINDOWS, proxy: Proxy(), setWindowRect: true, strictFileInteractability: false, timeouts: {implicit: 0, pageLoad: 300000, script: 30000}, unhandledPromptBehavior: dismiss and notify, webauthn:extension:largeBlob: true, webauthn:virtualAuthenticators: true}
Session ID: 0b5222950f8b2445f826297d2468ece1">
      <![CDATA[org.openqa.selenium.WebDriverException: unknown error: failed to change window state to 'normal', current state is 'maximized'
  (Session info: chrome=89.0.4389.128)
Build info: version: '3.141.59', revision: 'e82be7d358', time: '2018-11-14T08:17:03'
System info: host: 'DESKTOP-NK2UH9G', ip: '192.168.1.208', os.name: 'Windows 10', os.arch: 'amd64', os.version: '10.0', java.version: '14'
Driver info: org.openqa.selenium.chrome.ChromeDriver
Capabilities {acceptInsecureCerts: false, browserName: chrome, browserVersion: 89.0.4389.128, chrome: {chromedriverVersion: 89.0.4389.23 (61b08ee2c5002..., userDataDir: C:\Users\DELL\AppData\Local...}, goog:chromeOptions: {debuggerAddress: localhost:62822}, javascriptEnabled: true, networkConnectionEnabled: false, pageLoadStrategy: normal, platform: WINDOWS, platformName: WINDOWS, proxy: Proxy(), setWindowRect: true, strictFileInteractability: false, timeouts: {implicit: 0, pageLoad: 300000, script: 30000}, unhandledPromptBehavior: dismiss and notify, webauthn:extension:largeBlob: true, webauthn:virtualAuthenticators: true}
Session ID: 0b5222950f8b2445f826297d2468ece1
at org.openqa.selenium.remote.http.W3CHttpResponseCodec.createException(W3CHttpResponseCodec.java:187)
at org.openqa.selenium.remote.http.W3CHttpResponseCodec.decode(W3CHttpResponseCodec.java:122)
at org.openqa.selenium.remote.http.W3CHttpResponseCodec.decode(W3CHttpResponseCodec.java:49)
at org.openqa.selenium.remote.HttpCommandExecutor.execute(HttpCommandExecutor.java:158)
at org.openqa.selenium.remote.service.DriverCommandExecutor.execute(DriverCommandExecutor.java:83)
at org.openqa.selenium.remote.RemoteWebDriver.execute(RemoteWebDriver.java:552)
at org.openqa.selenium.remote.RemoteWebDriver.execute(RemoteWebDriver.java:609)
at org.openqa.selenium.remote.RemoteWebDriver$RemoteWebDriverOptions$RemoteWindow.maximize(RemoteWebDriver.java:837)
at testclasses.NewTest.resetCalculator(NewTest.java:44)
at java.base/java.util.ArrayList.forEach(ArrayList.java:1510)
at testclasses.App.main(App.java:19)
... Removed 33 stack frames]]>
    </failure>
  </testcase> <!-- @BeforeMethod resetCalculator -->
  <testcase classname="testclasses.NewTest" name="@BeforeMethod resetCalculator" time="-1.618742547624E9">
    <skipped/>
  </testcase> <!-- @BeforeMethod resetCalculator -->
  <testcase classname="testclasses.NewTest" name="@BeforeMethod resetCalculator" time="-1.618742547625E9">
    <skipped/>
  </testcase> <!-- @BeforeMethod resetCalculator -->
  <testcase classname="testclasses.NewTest" name="@AfterClass afterClasee" time="-1.618742547625E9">
    <skipped/>
  </testcase> <!-- @AfterClass afterClasee -->
  <testcase classname="testclasses.NewTest" name="testAddition" time="2.632"/>
  <testcase classname="testclasses.NewTest" name="testAdditionFunctionalityWithMaximumDecimalPlaces" time="8.979">
    <failure type="junit.framework.AssertionFailedError">
      <![CDATA[junit.framework.AssertionFailedError
at junit.framework.Assert.fail(Assert.java:47)
at junit.framework.Assert.assertTrue(Assert.java:20)
at junit.framework.Assert.assertTrue(Assert.java:27)
at testclasses.NewTest.testAdditionFunctionalityWithMaximumDecimalPlaces(NewTest.java:239)
at java.base/java.util.ArrayList.forEach(ArrayList.java:1510)
at testclasses.App.main(App.java:19)
... Removed 24 stack frames]]>
    </failure>
  </testcase> <!-- testAdditionFunctionalityWithMaximumDecimalPlaces -->
  <testcase classname="testclasses.NewTest" name="testBoundaryValueAdditionForZero" time="2.674"/>
  <testcase classname="testclasses.NewTest" name="testBoundaryValueSubtractionForZero" time="2.683"/>
  <testcase classname="testclasses.NewTest" name="testDeletionFunctionalityWithMaximumDecimalPlaces" time="6.362"/>
  <testcase classname="testclasses.NewTest" name="testDivisionFunctionality" time="2.254"/>
  <testcase classname="testclasses.NewTest" name="testInvalidInputsSquareRootDivisionAndNine" time="2.228"/>
  <testcase classname="testclasses.NewTest" name="testInvalidIputsTwoPointsAndEquals" time="1.838"/>
  <testcase classname="testclasses.NewTest" name="testInvalidIputsTwoPointsAndOneNumber" time="3.019"/>
  <testcase classname="testclasses.NewTest" name="testMultiplicationFunctionality" time="2.541"/>
  <testcase classname="testclasses.NewTest" name="testSubtractOpertionWithSubtractAsTheFirstOperation" time="2.917"/>
  <testcase classname="testclasses.NewTest" name="testSubtraction" time="0.0">
    <skipped/>
  </testcase> <!-- testSubtraction -->
  <testcase classname="testclasses.NewTest" name="testSubtractionForNumbersHavingOneDecimalPlace" time="0.0">
    <skipped/>
  </testcase> <!-- testSubtractionForNumbersHavingOneDecimalPlace -->
  <testcase classname="testclasses.NewTest" name="testSubtractionForNumbersHavingTwoDecimalPlaces" time="0.0">
    <skipped/>
  </testcase> <!-- testSubtractionForNumbersHavingTwoDecimalPlaces -->
</testsuite> <!-- Command line test -->
